==============================================================================
Assignment                                                                    
==============================================================================
Assignment.Assignment18                                                       
==============================================================================
Suite is starting
Test 1                                                                Running Test 1
| PASS |
------------------------------------------------------------------------------
Test 2                                                                Running Test 2
| PASS |
------------------------------------------------------------------------------
Suite is ending
Assignment.Assignment18                                               | PASS |
2 tests, 2 passed, 0 failed
==============================================================================
Assignment                                                            | PASS |
2 tests, 2 passed, 0 failed
==============================================================================
Output:  E:\Assignment\pabot_results\9\output.xml
