==============================================================================
Assignment                                                                    
==============================================================================
Assignment.Assignment20                                                       
==============================================================================
Test With Tag 1                                                       This is a smoke test
| PASS |
------------------------------------------------------------------------------
Test With Tag 2                                                       This is a regression test
| PASS |
------------------------------------------------------------------------------
Test With Multiple Tags                                               This is a smoke and critical test
| PASS |
------------------------------------------------------------------------------
Assignment.Assignment20                                               | PASS |
3 tests, 3 passed, 0 failed
==============================================================================
Assignment                                                            | PASS |
3 tests, 3 passed, 0 failed
==============================================================================
Output:  E:\Assignment\pabot_results\12\output.xml
